Fri Jul  4 14:32:50 2025: Hive (C:\Users\Lenovo legion 5\Downloads\share\samples\samples\Win7\NTUSER.DAT) is not dirty.

Fri Jul  4 14:32:50 2025: Log opened.
Fri Jul  4 14:32:50 2025: File: C:\Users\Lenovo legion 5\Downloads\share\samples\samples\Win7\NTUSER.DAT
Fri Jul  4 14:32:50 2025: Environment set up.
Fri Jul  4 14:32:50 2025: Launching activesetup v.20201230
Fri Jul  4 14:32:50 2025: Launching adobe v.20200803
Fri Jul  4 14:32:50 2025: Launching allowedenum v.20200813
Fri Jul  4 14:32:50 2025: Launching amsienable v.20210217
Fri Jul  4 14:32:50 2025: Launching appassoc v.20200813
Fri Jul  4 14:32:50 2025: Launching appcompatflags v.20220328
Fri Jul  4 14:32:50 2025: Launching appkeys v.20200813
Fri Jul  4 14:32:50 2025: Launching applets v.20201020
Fri Jul  4 14:32:50 2025: Launching apppaths v.20200813
Fri Jul  4 14:32:50 2025: Launching appspecific v.20200904
Fri Jul  4 14:32:50 2025: Launching appx v.20200904
Fri Jul  4 14:32:50 2025: Launching arpcache v.20200816
Fri Jul  4 14:32:50 2025: Launching attachmgr v.20220926
Fri Jul  4 14:32:50 2025: Launching autorun v.20221109
Fri Jul  4 14:32:50 2025: Launching bitbucket v.20221129
Fri Jul  4 14:32:50 2025: Launching blm v.20210705
Fri Jul  4 14:32:50 2025: Launching cached v.20201012
Fri Jul  4 14:32:50 2025: Launching certs v.20220926
Fri Jul  4 14:32:50 2025: Launching clipbrd v.20230419
Fri Jul  4 14:32:50 2025: Launching cmdproc v.20200904
Fri Jul  4 14:32:50 2025: Launching comdlg32 v.20200904
Fri Jul  4 14:32:50 2025: Launching compdesc v.20200904
Fri Jul  4 14:32:50 2025: Launching DDO v.20200904
Fri Jul  4 14:32:50 2025: Launching devicecache v.20221018
Fri Jul  4 14:32:50 2025: Launching disablemru v.20230710
Fri Jul  4 14:32:50 2025: Launching disabletools v.20220114
Fri Jul  4 14:32:50 2025: Launching doctoidmapping v.20201020
Fri Jul  4 14:32:50 2025: Launching elevatedinstall v.20220831
Fri Jul  4 14:32:50 2025: Launching environment v.20201113
Fri Jul  4 14:32:50 2025: Launching featureusage v.20200911
Fri Jul  4 14:32:50 2025: Launching gpohist v.20200911
Fri Jul  4 14:32:50 2025: Launching identities v.20200911
Fri Jul  4 14:32:50 2025: Launching imagefile v.20200730
Fri Jul  4 14:32:50 2025: Launching improviders v.20201015
Fri Jul  4 14:32:50 2025: Launching injectdll64 v.20200911
Fri Jul  4 14:32:50 2025: Launching installelevated v.20230703
Fri Jul  4 14:32:50 2025: Launching jumplistdata v.20200927
Fri Jul  4 14:32:50 2025: Launching knowndev v.20200927
Fri Jul  4 14:32:50 2025: Launching  link_click v.20200730
Fri Jul  4 14:32:50 2025: Launching listsoft v.20201005
Fri Jul  4 14:32:50 2025: Launching load v.20200921
Fri Jul  4 14:32:50 2025: Launching locale v.20220225
Fri Jul  4 14:32:50 2025: Launching logonstats v.20200925
Fri Jul  4 14:32:50 2025: Launching lxss v.20200927
Fri Jul  4 14:32:50 2025: Launching mixer v.20200922
Fri Jul  4 14:32:50 2025: Launching mmc v.20200922
Fri Jul  4 14:32:50 2025: Launching mmo v.20200922
Fri Jul  4 14:32:50 2025: Launching mndmru v.20200922
Fri Jul  4 14:32:50 2025: Launching mp2 v.20200921
Fri Jul  4 14:32:50 2025: Launching mpmru v.20200921
Fri Jul  4 14:32:50 2025: Launching  msoffice v.20210710
Fri Jul  4 14:32:50 2025: Launching muicache v.20221121
Fri Jul  4 14:32:50 2025: Launching nation v.20200921
Fri Jul  4 14:32:50 2025: Launching notif v.20200926
Fri Jul  4 14:32:50 2025: Launching office_test v.20230403
Fri Jul  4 14:32:50 2025: Launching oisc v.20220530
Fri Jul  4 14:32:50 2025: Launching onedrive v.20200922
Fri Jul  4 14:32:50 2025: Launching  onenote v.20230306
Fri Jul  4 14:32:50 2025: Launching osversion v.20200921
Fri Jul  4 14:32:50 2025: Launching outlook_attach v.20210504
Fri Jul  4 14:32:50 2025: Launching  outlookhomepage v.20201103
Fri Jul  4 14:32:50 2025: Launching outlookmacro v.20201212
Fri Jul  4 14:32:50 2025: Launching pendinggpos v.20200922
Fri Jul  4 14:32:50 2025: Launching persistconn v.20230109
Fri Jul  4 14:32:50 2025: Launching profiler v.20200922
Fri Jul  4 14:32:50 2025: Launching  protectedview v.20220301
Fri Jul  4 14:32:50 2025: Launching pslogging v.20200922
Fri Jul  4 14:32:50 2025: Launching psscript v.20200922
Fri Jul  4 14:32:50 2025: Launching putty v.20200924
Fri Jul  4 14:32:50 2025: Launching recentapps v.20200922
Fri Jul  4 14:32:50 2025: Launching recentdocs v.20200924
Fri Jul  4 14:32:50 2025: Launching  resiliency v.20210325
Fri Jul  4 14:32:50 2025: Launching restartmanager v.20210111
Fri Jul  4 14:32:50 2025: Launching run v.20220706
Fri Jul  4 14:32:50 2025: Launching rundisabled v.20220706
Fri Jul  4 14:32:50 2025: Launching runmru v.20201005
Fri Jul  4 14:32:50 2025: Launching runvirtual v.20220425
Fri Jul  4 14:32:50 2025: Launching screensaver v.20220427
Fri Jul  4 14:32:50 2025: Launching screenshotindex v.20230713
Fri Jul  4 14:32:50 2025: Launching searchscopes v.20201005
Fri Jul  4 14:32:50 2025: Launching sevenzip v.20220704
Fri Jul  4 14:32:50 2025: Launching shc v.20201005
Fri Jul  4 14:32:50 2025: Launching shellfolders v.20201005
Fri Jul  4 14:32:50 2025: Launching speech v.20201005
Fri Jul  4 14:32:50 2025: Launching staginginfo v.20210407
Fri Jul  4 14:32:50 2025: Launching storagesense v.20201230
Fri Jul  4 14:32:50 2025: Launching sysinternals v.20220824
Fri Jul  4 14:32:50 2025: Launching thostperms v.20201015
Fri Jul  4 14:32:50 2025: Launching tsclient v.20200924
Fri Jul  4 14:32:50 2025: Launching typedpaths v.20201005
Fri Jul  4 14:32:50 2025: Launching typedurls v.20201012
Fri Jul  4 14:32:50 2025: Launching typedurlstime v.20201012
Fri Jul  4 14:32:50 2025: Launching ua_wiper v.20220301
Fri Jul  4 14:32:50 2025: Launching uninstall v.20200916
Fri Jul  4 14:32:50 2025: Launching userassist v.20230710
Fri Jul  4 14:32:50 2025: Launching userextendedproperties v.20220509
Fri Jul  4 14:32:50 2025: Launching wc_shares v.20200916
Fri Jul  4 14:32:50 2025: Launching win11_edge v.20210927
Fri Jul  4 14:32:50 2025: Launching winrar v.20200916
Fri Jul  4 14:32:50 2025: Launching winscp v.20200916
Fri Jul  4 14:32:50 2025: Launching WinZip v.20200803
Fri Jul  4 14:32:50 2025: Launching  wordstartup v.20220529
Fri Jul  4 14:32:50 2025: Launching wordwheelquery v.20200916
