Fri Jul  4 14:19:14 2025: Hive (C:\Users\Lenovo legion 5\Downloads\share\samples\samples\Win8\SOFTWARE) is not dirty.

Fri Jul  4 14:19:14 2025: Log opened.
Fri Jul  4 14:19:14 2025: File: C:\Users\Lenovo legion 5\Downloads\share\samples\samples\Win8\SOFTWARE
Fri Jul  4 14:19:14 2025: Environment set up.
Fri Jul  4 14:19:15 2025: Launching activesetup v.20201230
Fri Jul  4 14:19:15 2025: Launching allowedenum v.20200813
Fri Jul  4 14:19:15 2025: Launching amsiproviders v.20210601
Fri Jul  4 14:19:15 2025: Launching appcompatflags v.20220328
Fri Jul  4 14:19:15 2025: Launching appkeys v.20200813
Fri Jul  4 14:19:15 2025: Launching appmodel v.20230703
Fri Jul  4 14:19:15 2025: Launching apppaths v.20200813
Fri Jul  4 14:19:15 2025: Launching assoc v.20220829
Fri Jul  4 14:19:16 2025: Launching autoadminlogon v.20220829
Fri Jul  4 14:19:16 2025: Launching autorun v.20221109
Fri Jul  4 14:19:16 2025: Launching blm v.20210705
Fri Jul  4 14:19:16 2025: Launching btconfig v.20200911
Fri Jul  4 14:19:16 2025: Launching calibrator v.20200904
Fri Jul  4 14:19:16 2025: Launching certpadding v.20220110
Fri Jul  4 14:19:16 2025: Launching certs v.20220926
Fri Jul  4 14:19:16 2025: Launching clipbrd v.20230419
Fri Jul  4 14:19:16 2025: Launching clsid v.20200904
Fri Jul  4 14:19:20 2025: Launching cmd_shell v.20200904
Fri Jul  4 14:19:20 2025: Launching comautoapproval v.20220829
Fri Jul  4 14:19:20 2025: Launching credentialsdelegation v.20220307
Fri Jul  4 14:19:20 2025: Launching datatracing v.20201018
Fri Jul  4 14:19:20 2025: Launching dcom v.20200904
Fri Jul  4 14:19:20 2025: Launching defender v.20211027
Fri Jul  4 14:19:20 2025: Launching deviceguard v.20201025
Fri Jul  4 14:19:20 2025: Launching diagnostics v.20220531
Fri Jul  4 14:19:20 2025: Launching disablemru v.20230710
Fri Jul  4 14:19:20 2025: Launching disableonedrive v.20220614
Fri Jul  4 14:19:20 2025: Launching disableproxy v.20211025
Fri Jul  4 14:19:20 2025: Launching disablesr v.20200911
Fri Jul  4 14:19:20 2025: Launching disabletools v.20220114
Fri Jul  4 14:19:20 2025: Launching elevatedinstall v.20220831
Fri Jul  4 14:19:20 2025: Launching emdmgmt v.20200911
Fri Jul  4 14:19:20 2025: Launching eventsasp v.20230217
Fri Jul  4 14:19:20 2025: Launching eventtranscript v.20210927
Fri Jul  4 14:19:20 2025: Launching feature_block v.20230724
Fri Jul  4 14:19:20 2025: Launching gpohist v.20200911
Fri Jul  4 14:19:20 2025: Launching heap v.20200911
Fri Jul  4 14:19:20 2025: Launching hello v.20210315
Fri Jul  4 14:19:20 2025: Launching hiddentasks v.20220413
Fri Jul  4 14:19:20 2025: Launching imagefile v.20200730
Fri Jul  4 14:19:20 2025: Launching injectdll64 v.20200911
Fri Jul  4 14:19:20 2025: Launching inprocserver v.20201005
Fri Jul  4 14:19:21 2025: Launching installedcomp v.20130911
Fri Jul  4 14:19:21 2025: Launching installelevated v.20230703
Fri Jul  4 14:19:21 2025: Launching installer v.20200803
Fri Jul  4 14:19:21 2025: Launching iso v.20220829
Fri Jul  4 14:19:21 2025: Launching landesk v.20201005
Fri Jul  4 14:19:21 2025: Launching lastloggedon v.20201007
Fri Jul  4 14:19:21 2025: Launching licenses v.20201005
Fri Jul  4 14:19:21 2025: Launching localdumps v.20220419
Fri Jul  4 14:19:21 2025: Launching lsass_auditlevel v.20220119
Fri Jul  4 14:19:21 2025: Launching macaddr v.20210319
Fri Jul  4 14:19:21 2025: Launching maint v.20210326
Fri Jul  4 14:19:21 2025: Launching mpnotify v.20230702
Fri Jul  4 14:19:21 2025: Launching msis v.20200921
Fri Jul  4 14:19:21 2025: Launching networkcards v.20200921
Fri Jul  4 14:19:21 2025: Launching networklist v.20200921
Fri Jul  4 14:19:21 2025: Launching networkprotection v.20221114
Fri Jul  4 14:19:21 2025: Launching office_test v.20230403
Fri Jul  4 14:19:21 2025: Launching pointandprint v.20210705
Fri Jul  4 14:19:21 2025: Launching portdev v.20220527
Fri Jul  4 14:19:21 2025: Launching ports v.20210309
Fri Jul  4 14:19:21 2025: Launching powershellcore v.20200922
Fri Jul  4 14:19:21 2025: Launching printdemon v.20200922
Fri Jul  4 14:19:21 2025: Launching printer_settings v.20200730
Fri Jul  4 14:19:21 2025: Launching profilelist v.20200922
Fri Jul  4 14:19:21 2025: Launching pslogging v.20200922
Fri Jul  4 14:19:21 2025: Launching psscript v.20200922
Fri Jul  4 14:19:22 2025: Launching recyclepersist v.20230123
Fri Jul  4 14:19:22 2025: Launching registerspooler v.20210705
Fri Jul  4 14:19:22 2025: Launching remoteuac v.20220101
Fri Jul  4 14:19:22 2025: Launching run v.20220706
Fri Jul  4 14:19:22 2025: Launching rundisabled v.20220706
Fri Jul  4 14:19:22 2025: Launching runvirtual v.20220425
Fri Jul  4 14:19:22 2025: Launching ryuk_gpo v.20201005
Fri Jul  4 14:19:22 2025: Launching schedagent v.20200925
Fri Jul  4 14:19:22 2025: Launching scriptleturl v.20201005
Fri Jul  4 14:19:22 2025: Launching secctr v.20201005
Fri Jul  4 14:19:22 2025: Launching shadow v.20210425
Fri Jul  4 14:19:22 2025: Launching shelloverlay v.20201007
Fri Jul  4 14:19:22 2025: Launching smartscreen v.20221108
Fri Jul  4 14:19:22 2025: Launching spp_clients v.20201005
Fri Jul  4 14:19:22 2025: Launching ssid v.20201005
Fri Jul  4 14:19:22 2025: Launching storagesense v.20201230
Fri Jul  4 14:19:22 2025: Launching susclient v.20201005
Fri Jul  4 14:19:22 2025: Launching symlink v.20220613
Fri Jul  4 14:19:22 2025: Launching systemindex v.20201005
Fri Jul  4 14:19:22 2025: Launching tasks v.20221222
Fri Jul  4 14:19:23 2025: Launching teamviewer v.20211025
Fri Jul  4 14:19:23 2025: Launching telemetrycontroller v.20220707
Fri Jul  4 14:19:23 2025: Launching termserv v.20220908
Fri Jul  4 14:19:23 2025: Launching thumbnail_cleanup v.20210315
Fri Jul  4 14:19:23 2025: Launching uac v.20220826
Fri Jul  4 14:19:23 2025: Launching uacbypass v.20200924
Fri Jul  4 14:19:23 2025: Launching uninstall v.20200916
Fri Jul  4 14:19:23 2025: Launching updates v.20170715
Fri Jul  4 14:19:24 2025: Launching wab v.20200916
Fri Jul  4 14:19:24 2025: Launching wbem v.20200916
Fri Jul  4 14:19:24 2025: Launching win11_edge v.20210927
Fri Jul  4 14:19:25 2025: Launching winver v.20200916
